::1 - - [29/Sep/2020:16:58:58 +0300] "GET / HTTP/1.1" 200 328
::1 - - [29/Sep/2020:16:58:58 +0300] "GET /favicon.ico HTTP/1.1" 404 1188
::1 - - [29/Sep/2020:17:01:30 +0300] "GET / HTTP/1.1" 200 511
::1 - - [29/Sep/2020:17:01:35 +0300] "GET /?pokemonId=3 HTTP/1.1" 200 589
::1 - - [29/Sep/2020:17:05:32 +0300] "GET /?pokemonId=3 HTTP/1.1" 200 328
::1 - - [29/Sep/2020:17:05:44 +0300] "GET /?pokemonId=3 HTTP/1.1" 200 1168
::1 - - [29/Sep/2020:17:06:36 +0300] "GET /?pokemonId=3 HTTP/1.1" 200 1364
::1 - - [29/Sep/2020:17:07:30 +0300] "GET /?pokemonId=3 HTTP/1.1" 200 47632
::1 - - [29/Sep/2020:17:09:20 +0300] "GET /?pokemonId=3 HTTP/1.1" 200 47632
::1 - - [29/Sep/2020:17:09:23 +0300] "GET /?pokemonId=3 HTTP/1.1" 200 47632
::1 - - [29/Sep/2020:17:10:15 +0300] "GET /?pokemonId=3 HTTP/1.1" 200 41891
::1 - - [29/Sep/2020:17:10:26 +0300] "GET /?pokemonId=3 HTTP/1.1" 200 41879
::1 - - [29/Sep/2020:17:11:05 +0300] "GET /?pokemonId=3 HTTP/1.1" 200 1606
::1 - - [29/Sep/2020:17:11:24 +0300] "GET /?pokemonId=3 HTTP/1.1" 200 1787
::1 - - [29/Sep/2020:17:13:05 +0300] "GET /?pokemonId=3 HTTP/1.1" 200 1606
::1 - - [29/Sep/2020:17:13:45 +0300] "GET /?pokemonId=3 HTTP/1.1" 200 1606
::1 - - [29/Sep/2020:17:14:14 +0300] "GET /?pokemonId=3 HTTP/1.1" 200 337
::1 - - [29/Sep/2020:17:19:48 +0300] "GET /?pokemonId=3 HTTP/1.1" 200 47065
::1 - - [29/Sep/2020:17:19:54 +0300] "GET /?pokemonId=3 HTTP/1.1" 200 9882
::1 - - [29/Sep/2020:17:20:56 +0300] "GET /?pokemonId=3 HTTP/1.1" 200 591
::1 - - [29/Sep/2020:17:24:30 +0300] "GET /?pokemonId=3 HTTP/1.1" 200 1458
::1 - - [29/Sep/2020:17:24:41 +0300] "GET /?pokemonId=3 HTTP/1.1" 200 557
::1 - - [29/Sep/2020:17:27:19 +0300] "GET /?pokemonId=3 HTTP/1.1" 200 88767
::1 - - [29/Sep/2020:17:30:16 +0300] "GET /?pokemonId=3 HTTP/1.1" 200 97803
::1 - - [29/Sep/2020:17:31:55 +0300] "GET /?pokemonId=3 HTTP/1.1" 200 90866
::1 - - [29/Sep/2020:17:32:00 +0300] "GET /?pokemonId=3 HTTP/1.1" 200 2429
::1 - - [29/Sep/2020:17:32:12 +0300] "GET /?pokemonId=3 HTTP/1.1" 200 10346
::1 - - [29/Sep/2020:17:32:53 +0300] "GET /?pokemonId=3 HTTP/1.1" 200 10346
::1 - - [29/Sep/2020:17:33:25 +0300] "GET /?pokemonId=3 HTTP/1.1" 200 10490
::1 - - [29/Sep/2020:17:33:35 +0300] "GET /?pokemonId=10 HTTP/1.1" 200 9515
::1 - - [29/Sep/2020:17:35:25 +0300] "GET /?pokemonId=10 HTTP/1.1" 200 1941
::1 - - [29/Sep/2020:17:35:49 +0300] "GET /?pokemonId=10 HTTP/1.1" 200 558
::1 - - [29/Sep/2020:17:35:56 +0300] "GET /?pokemonId=10 HTTP/1.1" 200 556
::1 - - [29/Sep/2020:17:36:11 +0300] "GET /?pokemonId=10 HTTP/1.1" 200 89237
::1 - - [29/Sep/2020:17:36:24 +0300] "GET /?pokemonId=11 HTTP/1.1" 200 90894
::1 - - [29/Sep/2020:17:36:37 +0300] "GET /?pokemonId=2 HTTP/1.1" 200 69614
::1 - - [29/Sep/2020:17:36:59 +0300] "GET /?pokemonId=2 HTTP/1.1" 200 1447
::1 - - [29/Sep/2020:17:37:12 +0300] "GET /?pokemonId=2 HTTP/1.1" 200 69614
::1 - - [29/Sep/2020:17:38:41 +0300] "GET /?pokemonId=2 HTTP/1.1" 200 519
::1 - - [29/Sep/2020:17:39:02 +0300] "GET /?pokemonId=2 HTTP/1.1" 200 40602
::1 - - [29/Sep/2020:17:39:21 +0300] "GET /?pokemonId=2 HTTP/1.1" 200 589
::1 - - [29/Sep/2020:17:40:47 +0300] "GET /?pokemonId=2 HTTP/1.1" 200 328
::1 - - [29/Sep/2020:17:40:57 +0300] "GET /?pokemonId=2 HTTP/1.1" 200 589
::1 - - [29/Sep/2020:17:41:01 +0300] "GET /?pokemonId=1 HTTP/1.1" 200 1465
::1 - - [29/Sep/2020:17:41:13 +0300] "GET /?pokemonId=1 HTTP/1.1" 200 328
::1 - - [29/Sep/2020:17:41:15 +0300] "GET /?pokemonId=2 HTTP/1.1" 200 589
::1 - - [29/Sep/2020:17:42:16 +0300] "GET /?pokemonId=ditto HTTP/1.1" 200 328
::1 - - [29/Sep/2020:17:42:29 +0300] "GET /?pokemonId=ditto HTTP/1.1" 200 2957
::1 - - [29/Sep/2020:17:43:37 +0300] "GET /?pokemonId=ditto HTTP/1.1" 200 338
::1 - - [29/Sep/2020:17:45:35 +0300] "GET /?pokemonId=ditto HTTP/1.1" 200 8973
::1 - - [29/Sep/2020:17:46:08 +0300] "GET /?pokemonId=ditto HTTP/1.1" 200 9012
::1 - - [29/Sep/2020:17:46:12 +0300] "GET /?pokemonId=ditto HTTP/1.1" 200 468
::1 - - [29/Sep/2020:17:46:17 +0300] "GET /?pokemonId=2 HTTP/1.1" 200 615
::1 - - [29/Sep/2020:17:46:28 +0300] "GET /?pokemonId=2 HTTP/1.1" 200 643
::1 - - [29/Sep/2020:17:50:45 +0300] "GET /?pokemonId=2 HTTP/1.1" 200 887
::1 - - [29/Sep/2020:17:51:09 +0300] "GET /?pokemonId=2 HTTP/1.1" 200 887
::1 - - [29/Sep/2020:17:51:17 +0300] "GET /?pokemonId=2 HTTP/1.1" 200 887
::1 - - [29/Sep/2020:17:51:19 +0300] "GET /favicon.ico HTTP/1.1" 404 1216
::1 - - [29/Sep/2020:17:51:31 +0300] "GET /?pokemonId=2 HTTP/1.1" 200 933
::1 - - [29/Sep/2020:17:51:33 +0300] "GET /style.css HTTP/1.1" 200 170
::1 - - [29/Sep/2020:17:51:51 +0300] "GET /?pokemonId=2 HTTP/1.1" 200 970
::1 - - [29/Sep/2020:17:51:53 +0300] "GET /style.css HTTP/1.1" 304 -
::1 - - [29/Sep/2020:17:52:19 +0300] "GET /?pokemonId=2 HTTP/1.1" 200 970
::1 - - [29/Sep/2020:17:52:21 +0300] "GET /style.css HTTP/1.1" 200 246
::1 - - [29/Sep/2020:17:52:31 +0300] "GET /?pokemonId=2 HTTP/1.1" 200 970
::1 - - [29/Sep/2020:17:52:33 +0300] "GET /style.css HTTP/1.1" 200 294
::1 - - [29/Sep/2020:17:52:33 +0300] "GET /favicon.ico HTTP/1.1" 404 1216
::1 - - [29/Sep/2020:17:52:38 +0300] "GET /?pokemonId=2 HTTP/1.1" 200 970
::1 - - [29/Sep/2020:17:52:40 +0300] "GET /style.css HTTP/1.1" 200 295
::1 - - [29/Sep/2020:17:52:40 +0300] "GET /favicon.ico HTTP/1.1" 404 1216
::1 - - [29/Sep/2020:17:53:14 +0300] "GET /?pokemonId=2 HTTP/1.1" 200 970
::1 - - [29/Sep/2020:17:53:15 +0300] "GET /style.css HTTP/1.1" 200 215
::1 - - [29/Sep/2020:17:53:23 +0300] "GET /?pokemonId=2 HTTP/1.1" 200 970
::1 - - [29/Sep/2020:17:53:25 +0300] "GET /style.css HTTP/1.1" 200 240
::1 - - [29/Sep/2020:17:53:43 +0300] "GET /?pokemonId=2 HTTP/1.1" 200 970
::1 - - [29/Sep/2020:17:53:45 +0300] "GET /style.css HTTP/1.1" 200 317
::1 - - [29/Sep/2020:17:54:05 +0300] "GET /?pokemonId=2 HTTP/1.1" 200 970
::1 - - [29/Sep/2020:17:54:07 +0300] "GET /style.css HTTP/1.1" 200 300
::1 - - [29/Sep/2020:17:54:17 +0300] "GET /?pokemonId=2 HTTP/1.1" 200 970
::1 - - [29/Sep/2020:17:54:19 +0300] "GET /style.css HTTP/1.1" 200 300
::1 - - [29/Sep/2020:17:54:19 +0300] "GET /favicon.ico HTTP/1.1" 404 1216
::1 - - [29/Sep/2020:17:54:58 +0300] "GET /?pokemonId=2 HTTP/1.1" 200 970
::1 - - [29/Sep/2020:17:54:59 +0300] "GET /style.css HTTP/1.1" 200 325
::1 - - [29/Sep/2020:17:55:03 +0300] "GET /?pokemonId=2 HTTP/1.1" 200 970
::1 - - [29/Sep/2020:17:55:05 +0300] "GET /style.css HTTP/1.1" 200 300
::1 - - [29/Sep/2020:17:55:26 +0300] "GET /?pokemonId=2 HTTP/1.1" 200 970
::1 - - [29/Sep/2020:17:55:28 +0300] "GET /style.css HTTP/1.1" 200 240
::1 - - [29/Sep/2020:17:55:43 +0300] "GET /?pokemonId=2 HTTP/1.1" 200 970
::1 - - [29/Sep/2020:17:55:45 +0300] "GET /style.css HTTP/1.1" 200 296
::1 - - [29/Sep/2020:17:55:45 +0300] "GET /favicon.ico HTTP/1.1" 404 1216
::1 - - [29/Sep/2020:17:55:56 +0300] "GET /?pokemonId=2 HTTP/1.1" 200 970
::1 - - [29/Sep/2020:17:55:58 +0300] "GET /style.css HTTP/1.1" 200 342
::1 - - [29/Sep/2020:17:56:32 +0300] "GET /?pokemonId=2 HTTP/1.1" 200 970
::1 - - [29/Sep/2020:17:56:33 +0300] "GET /style.css HTTP/1.1" 200 463
::1 - - [29/Sep/2020:17:56:34 +0300] "GET /favicon.ico HTTP/1.1" 404 1216
::1 - - [29/Sep/2020:17:56:47 +0300] "GET /?pokemonId=2 HTTP/1.1" 200 970
::1 - - [29/Sep/2020:17:56:49 +0300] "GET /style.css HTTP/1.1" 200 479
::1 - - [29/Sep/2020:17:57:08 +0300] "GET /?pokemonId=2 HTTP/1.1" 200 970
::1 - - [29/Sep/2020:17:57:10 +0300] "GET /style.css HTTP/1.1" 200 507
::1 - - [29/Sep/2020:17:57:15 +0300] "GET /?pokemonId= HTTP/1.1" 200 9145
::1 - - [29/Sep/2020:17:57:15 +0300] "GET /style.css HTTP/1.1" 304 -
::1 - - [29/Sep/2020:17:57:22 +0300] "GET /?pokemonId=2 HTTP/1.1" 200 970
::1 - - [29/Sep/2020:17:57:24 +0300] "GET /style.css HTTP/1.1" 304 -
::1 - - [29/Sep/2020:17:57:27 +0300] "GET /?pokemonId= HTTP/1.1" 200 9145
::1 - - [29/Sep/2020:17:57:27 +0300] "GET /style.css HTTP/1.1" 304 -
::1 - - [29/Sep/2020:17:59:09 +0300] "GET /?pokemonId=2 HTTP/1.1" 200 1025
::1 - - [29/Sep/2020:17:59:11 +0300] "GET /style.css HTTP/1.1" 304 -
::1 - - [29/Sep/2020:17:59:21 +0300] "GET /?pokemonId=2 HTTP/1.1" 200 1025
::1 - - [29/Sep/2020:17:59:32 +0300] "GET /?pokemonId=2 HTTP/1.1" 200 1025
::1 - - [29/Sep/2020:17:59:34 +0300] "GET /style.css HTTP/1.1" 200 549
::1 - - [29/Sep/2020:17:59:34 +0300] "GET /favicon.ico HTTP/1.1" 404 1216
::1 - - [29/Sep/2020:17:59:45 +0300] "GET /?pokemonId=2 HTTP/1.1" 200 1025
::1 - - [29/Sep/2020:17:59:46 +0300] "GET /style.css HTTP/1.1" 200 567
::1 - - [29/Sep/2020:17:59:47 +0300] "GET /favicon.ico HTTP/1.1" 404 1216
::1 - - [29/Sep/2020:18:00:10 +0300] "GET /?pokemonId=2 HTTP/1.1" 200 1025
::1 - - [29/Sep/2020:18:00:11 +0300] "GET /style.css HTTP/1.1" 200 595
::1 - - [29/Sep/2020:18:00:12 +0300] "GET /favicon.ico HTTP/1.1" 404 1216
::1 - - [29/Sep/2020:18:00:18 +0300] "GET /?pokemonId=2 HTTP/1.1" 200 1025
::1 - - [29/Sep/2020:18:00:20 +0300] "GET /style.css HTTP/1.1" 200 593
::1 - - [29/Sep/2020:18:00:20 +0300] "GET /favicon.ico HTTP/1.1" 404 1216
::1 - - [29/Sep/2020:18:00:52 +0300] "GET /?pokemonId=2 HTTP/1.1" 200 1022
::1 - - [29/Sep/2020:18:00:54 +0300] "GET /style.css HTTP/1.1" 304 -
::1 - - [29/Sep/2020:18:01:00 +0300] "GET /?pokemonId=2 HTTP/1.1" 200 1026
::1 - - [29/Sep/2020:18:01:02 +0300] "GET /style.css HTTP/1.1" 304 -
::1 - - [29/Sep/2020:18:01:33 +0300] "GET /?pokemonId=2 HTTP/1.1" 200 1028
::1 - - [29/Sep/2020:18:01:35 +0300] "GET /style.css HTTP/1.1" 304 -
::1 - - [29/Sep/2020:18:02:01 +0300] "GET /?pokemonId=2 HTTP/1.1" 200 1028
::1 - - [29/Sep/2020:18:02:02 +0300] "GET /style.css HTTP/1.1" 304 -
::1 - - [29/Sep/2020:18:02:08 +0300] "GET /?pokemonId=2 HTTP/1.1" 200 1031
::1 - - [29/Sep/2020:18:02:46 +0300] "GET /?pokemonId=2 HTTP/1.1" 200 1070
::1 - - [29/Sep/2020:18:02:48 +0300] "GET /style.css HTTP/1.1" 304 -
::1 - - [29/Sep/2020:18:04:07 +0300] "GET /?pokemonId=2 HTTP/1.1" 200 1207
::1 - - [29/Sep/2020:18:04:09 +0300] "GET /style.css HTTP/1.1" 200 649
::1 - - [29/Sep/2020:18:04:55 +0300] "GET /?pokemonId=2 HTTP/1.1" 200 1207
::1 - - [29/Sep/2020:18:04:57 +0300] "GET /style.css HTTP/1.1" 200 723
::1 - - [29/Sep/2020:18:05:22 +0300] "GET /?pokemonId=2 HTTP/1.1" 200 1209
::1 - - [29/Sep/2020:18:05:24 +0300] "GET /style.css HTTP/1.1" 304 -
::1 - - [29/Sep/2020:18:05:27 +0300] "GET /?pokemonId=2 HTTP/1.1" 200 1247
::1 - - [29/Sep/2020:18:05:29 +0300] "GET /style.css HTTP/1.1" 200 723
::1 - - [29/Sep/2020:18:05:29 +0300] "GET /favicon.ico HTTP/1.1" 404 1216
::1 - - [29/Sep/2020:18:05:40 +0300] "GET /?pokemonId=2 HTTP/1.1" 200 1247
::1 - - [29/Sep/2020:18:05:42 +0300] "GET /style.css HTTP/1.1" 304 -
::1 - - [29/Sep/2020:18:06:57 +0300] "GET /?pokemonId=2 HTTP/1.1" 200 1247
::1 - - [29/Sep/2020:18:06:58 +0300] "GET /style.css HTTP/1.1" 304 -
::1 - - [29/Sep/2020:18:07:02 +0300] "GET /?pokemonId=2 HTTP/1.1" 200 1247
::1 - - [29/Sep/2020:18:07:04 +0300] "GET /style.css HTTP/1.1" 200 723
::1 - - [29/Sep/2020:18:07:04 +0300] "GET /favicon.ico HTTP/1.1" 404 1216
::1 - - [29/Sep/2020:18:07:10 +0300] "GET /?pokemonId=2 HTTP/1.1" 200 1247
::1 - - [29/Sep/2020:18:07:12 +0300] "GET /style.css HTTP/1.1" 200 800
::1 - - [29/Sep/2020:18:07:12 +0300] "GET /favicon.ico HTTP/1.1" 404 1216
::1 - - [29/Sep/2020:18:07:17 +0300] "GET /?pokemonId=2 HTTP/1.1" 200 1247
::1 - - [29/Sep/2020:18:07:18 +0300] "GET /style.css HTTP/1.1" 200 748
::1 - - [29/Sep/2020:18:07:19 +0300] "GET /favicon.ico HTTP/1.1" 404 1216
::1 - - [29/Sep/2020:18:08:15 +0300] "GET /?pokemonId=2 HTTP/1.1" 200 1247
::1 - - [29/Sep/2020:18:08:16 +0300] "GET /style.css HTTP/1.1" 200 748
::1 - - [29/Sep/2020:18:08:17 +0300] "GET /favicon.ico HTTP/1.1" 404 1216
::1 - - [29/Sep/2020:18:08:17 +0300] "GET /?pokemonId= HTTP/1.1" 200 411
::1 - - [29/Sep/2020:18:08:21 +0300] "GET /?pokemonId= HTTP/1.1" 200 411
::1 - - [29/Sep/2020:18:10:18 +0300] "GET /?pokemonId= HTTP/1.1" 200 417
::1 - - [29/Sep/2020:18:10:18 +0300] "GET /favicon.ico HTTP/1.1" 404 1214
::1 - - [29/Sep/2020:18:10:22 +0300] "GET /?pokemonId= HTTP/1.1" 200 417
::1 - - [29/Sep/2020:18:10:22 +0300] "GET /favicon.ico HTTP/1.1" 404 1214
::1 - - [29/Sep/2020:18:10:28 +0300] "GET /?pokemonId= HTTP/1.1" 200 470
::1 - - [29/Sep/2020:18:10:28 +0300] "GET /style.css HTTP/1.1" 200 867
::1 - - [29/Sep/2020:18:10:29 +0300] "GET /favicon.ico HTTP/1.1" 404 1214
::1 - - [29/Sep/2020:18:12:12 +0300] "GET /?pokemonId= HTTP/1.1" 200 470
::1 - - [29/Sep/2020:18:12:12 +0300] "GET /style.css HTTP/1.1" 200 1045
::1 - - [29/Sep/2020:18:12:12 +0300] "GET /favicon.ico HTTP/1.1" 404 1214
::1 - - [29/Sep/2020:18:12:15 +0300] "GET /?pokemonId= HTTP/1.1" 200 470
::1 - - [29/Sep/2020:18:12:15 +0300] "GET /style.css HTTP/1.1" 304 -
::1 - - [29/Sep/2020:18:12:25 +0300] "GET /?pokemonId= HTTP/1.1" 200 470
::1 - - [29/Sep/2020:18:12:25 +0300] "GET /style.css HTTP/1.1" 200 1095
::1 - - [29/Sep/2020:18:12:26 +0300] "GET /favicon.ico HTTP/1.1" 404 1214
::1 - - [29/Sep/2020:18:12:38 +0300] "GET /?pokemonId= HTTP/1.1" 200 470
::1 - - [29/Sep/2020:18:12:38 +0300] "GET /style.css HTTP/1.1" 200 1095
::1 - - [29/Sep/2020:18:12:39 +0300] "GET /favicon.ico HTTP/1.1" 404 1214
::1 - - [29/Sep/2020:18:13:21 +0300] "GET /?pokemonId= HTTP/1.1" 200 470
::1 - - [29/Sep/2020:18:13:21 +0300] "GET /style.css HTTP/1.1" 200 1121
::1 - - [29/Sep/2020:18:13:22 +0300] "GET /favicon.ico HTTP/1.1" 404 1214
::1 - - [29/Sep/2020:18:13:35 +0300] "GET /?pokemonId= HTTP/1.1" 200 470
::1 - - [29/Sep/2020:18:13:35 +0300] "GET /style.css HTTP/1.1" 200 1149
::1 - - [29/Sep/2020:18:13:35 +0300] "GET /favicon.ico HTTP/1.1" 404 1214
::1 - - [29/Sep/2020:18:13:44 +0300] "GET /?pokemonId= HTTP/1.1" 200 470
::1 - - [29/Sep/2020:18:13:44 +0300] "GET /style.css HTTP/1.1" 200 1175
::1 - - [29/Sep/2020:18:13:44 +0300] "GET /favicon.ico HTTP/1.1" 404 1214
::1 - - [29/Sep/2020:18:14:31 +0300] "GET /?pokemonId= HTTP/1.1" 200 470
::1 - - [29/Sep/2020:18:14:31 +0300] "GET /style.css HTTP/1.1" 200 1256
::1 - - [29/Sep/2020:18:14:31 +0300] "GET /favicon.ico HTTP/1.1" 404 1214
::1 - - [29/Sep/2020:18:15:44 +0300] "GET /?pokemonId=2 HTTP/1.1" 200 1247
::1 - - [29/Sep/2020:18:15:46 +0300] "GET /style.css HTTP/1.1" 200 1256
::1 - - [29/Sep/2020:18:16:25 +0300] "GET /?pokemonId= HTTP/1.1" 200 470
::1 - - [29/Sep/2020:18:16:25 +0300] "GET /style.css HTTP/1.1" 304 -
::1 - - [29/Sep/2020:18:16:35 +0300] "GET /?pokemonId=2 HTTP/1.1" 200 1247
::1 - - [29/Sep/2020:18:16:37 +0300] "GET /style.css HTTP/1.1" 304 -
::1 - - [29/Sep/2020:18:17:14 +0300] "GET /?pokemonId=2 HTTP/1.1" 200 1247
::1 - - [29/Sep/2020:18:17:16 +0300] "GET /style.css HTTP/1.1" 304 -
::1 - - [29/Sep/2020:18:18:02 +0300] "GET /?pokemonId=2 HTTP/1.1" 200 1247
::1 - - [29/Sep/2020:18:18:03 +0300] "GET /style.css HTTP/1.1" 200 1357
::1 - - [29/Sep/2020:18:18:03 +0300] "GET /favicon.ico HTTP/1.1" 404 1216
::1 - - [29/Sep/2020:18:18:21 +0300] "GET /?pokemonId=2 HTTP/1.1" 200 1247
::1 - - [29/Sep/2020:18:18:23 +0300] "GET /style.css HTTP/1.1" 200 1411
::1 - - [29/Sep/2020:18:18:23 +0300] "GET /favicon.ico HTTP/1.1" 404 1216
::1 - - [29/Sep/2020:18:19:02 +0300] "GET /?pokemonId=2 HTTP/1.1" 200 1247
::1 - - [29/Sep/2020:18:19:04 +0300] "GET /style.css HTTP/1.1" 200 1514
::1 - - [29/Sep/2020:18:19:04 +0300] "GET /favicon.ico HTTP/1.1" 404 1216
::1 - - [29/Sep/2020:18:19:44 +0300] "GET /?pokemonId=2 HTTP/1.1" 200 1247
::1 - - [29/Sep/2020:18:19:45 +0300] "GET /style.css HTTP/1.1" 200 1543
::1 - - [29/Sep/2020:18:19:45 +0300] "GET /favicon.ico HTTP/1.1" 404 1216
::1 - - [29/Sep/2020:18:20:08 +0300] "GET /?pokemonId=2 HTTP/1.1" 200 1281
::1 - - [29/Sep/2020:18:20:09 +0300] "GET /style.css HTTP/1.1" 304 -
::1 - - [29/Sep/2020:18:24:50 +0300] "GET /?pokemonId=2 HTTP/1.1" 200 1290
::1 - - [29/Sep/2020:18:24:51 +0300] "GET /style.css HTTP/1.1" 200 1543
::1 - - [29/Sep/2020:18:24:52 +0300] "GET /favicon.ico HTTP/1.1" 404 1216
::1 - - [29/Sep/2020:18:24:55 +0300] "GET /?pokemonId=3 HTTP/1.1" 200 1288
::1 - - [29/Sep/2020:18:25:42 +0300] "GET /?pokemonId=3 HTTP/1.1" 200 1288
::1 - - [29/Sep/2020:18:25:43 +0300] "GET /style.css HTTP/1.1" 200 1543
::1 - - [29/Sep/2020:18:25:44 +0300] "GET /favicon.ico HTTP/1.1" 404 1216
::1 - - [29/Sep/2020:18:25:45 +0300] "GET /?pokemonId=3 HTTP/1.1" 200 1288
::1 - - [29/Sep/2020:18:25:46 +0300] "GET /style.css HTTP/1.1" 200 1543
::1 - - [29/Sep/2020:18:25:47 +0300] "GET /favicon.ico HTTP/1.1" 404 1216
::1 - - [29/Sep/2020:18:25:56 +0300] "GET /?pokemonId=3 HTTP/1.1" 200 1279
::1 - - [29/Sep/2020:18:25:58 +0300] "GET /style.css HTTP/1.1" 200 1543
::1 - - [29/Sep/2020:18:25:58 +0300] "GET /favicon.ico HTTP/1.1" 404 1216
::1 - - [29/Sep/2020:18:27:49 +0300] "GET /style.css HTTP/1.1" 304 -
::1 - - [29/Sep/2020:18:30:27 +0300] "GET /?pokemonId=3 HTTP/1.1" 200 1279
::1 - - [29/Sep/2020:18:30:29 +0300] "GET /style.css HTTP/1.1" 200 1543
::1 - - [29/Sep/2020:18:30:29 +0300] "GET /favicon.ico HTTP/1.1" 404 1216
::1 - - [29/Sep/2020:18:30:34 +0300] "GET /?pokemonId=2 HTTP/1.1" 200 1281
::1 - - [29/Sep/2020:18:30:37 +0300] "GET /?pokemonId= HTTP/1.1" 200 504
::1 - - [29/Sep/2020:18:30:41 +0300] "GET /?pokemonId=5 HTTP/1.1" 200 1301
::1 - - [29/Sep/2020:18:31:34 +0300] "GET /?pokemonId=5 HTTP/1.1" 200 1301
::1 - - [29/Sep/2020:18:31:36 +0300] "GET /style.css HTTP/1.1" 200 1597
::1 - - [29/Sep/2020:18:31:36 +0300] "GET /favicon.ico HTTP/1.1" 404 1216
::1 - - [29/Sep/2020:18:31:40 +0300] "GET /style.css HTTP/1.1" 304 -
::1 - - [29/Sep/2020:18:32:50 +0300] "GET /?pokemonId=5 HTTP/1.1" 200 1301
::1 - - [29/Sep/2020:18:32:52 +0300] "GET /style.css HTTP/1.1" 200 1543
::1 - - [29/Sep/2020:18:34:37 +0300] "GET /?pokemonId=ditto HTTP/1.1" 200 777
::1 - - [29/Sep/2020:18:34:38 +0300] "GET /style.css HTTP/1.1" 304 -
::1 - - [29/Sep/2020:18:34:42 +0300] "GET /?pokemonId=eevee HTTP/1.1" 200 985
::1 - - [29/Sep/2020:18:35:06 +0300] "GET /?pokemonId=eevee HTTP/1.1" 200 985
::1 - - [29/Sep/2020:18:35:08 +0300] "GET /style.css HTTP/1.1" 200 1543
::1 - - [29/Sep/2020:18:35:08 +0300] "GET /favicon.ico HTTP/1.1" 404 1224
::1 - - [29/Sep/2020:18:35:35 +0300] "GET /?pokemonId=eevee HTTP/1.1" 200 985
::1 - - [29/Sep/2020:18:35:36 +0300] "GET /style.css HTTP/1.1" 200 1543
::1 - - [29/Sep/2020:18:35:36 +0300] "GET /favicon.ico HTTP/1.1" 404 1224
::1 - - [29/Sep/2020:18:35:48 +0300] "GET /?pokemonId=2 HTTP/1.1" 200 1281
::1 - - [29/Sep/2020:18:35:49 +0300] "GET /style.css HTTP/1.1" 304 -
::1 - - [30/Sep/2020:12:08:18 +0300] "GET / HTTP/1.1" 200 7023
::1 - - [30/Sep/2020:12:08:19 +0300] "GET /style.css HTTP/1.1" 304 -
::1 - - [30/Sep/2020:12:08:19 +0300] "GET /favicon.ico HTTP/1.1" 404 1188
::1 - - [30/Sep/2020:12:09:38 +0300] "GET / HTTP/1.1" 200 504
::1 - - [30/Sep/2020:12:09:42 +0300] "GET / HTTP/1.1" 200 504
::1 - - [30/Sep/2020:12:09:43 +0300] "GET / HTTP/1.1" 200 504
::1 - - [30/Sep/2020:12:09:44 +0300] "GET /style.css HTTP/1.1" 200 1543
::1 - - [30/Sep/2020:12:09:44 +0300] "GET /favicon.ico HTTP/1.1" 404 1188
::1 - - [30/Sep/2020:12:09:57 +0300] "GET / HTTP/1.1" 200 7023
::1 - - [30/Sep/2020:12:10:02 +0300] "GET / HTTP/1.1" 200 504
::1 - - [30/Sep/2020:12:11:15 +0300] "GET / HTTP/1.1" 200 504
::1 - - [30/Sep/2020:12:11:24 +0300] "GET / HTTP/1.1" 200 504
::1 - - [30/Sep/2020:12:11:24 +0300] "GET /style.css HTTP/1.1" 200 1543
::1 - - [30/Sep/2020:12:11:25 +0300] "GET /favicon.ico HTTP/1.1" 404 1188
::1 - - [30/Sep/2020:12:11:57 +0300] "GET / HTTP/1.1" 200 507
::1 - - [30/Sep/2020:12:12:38 +0300] "GET / HTTP/1.1" 200 504
::1 - - [30/Sep/2020:12:13:02 +0300] "GET / HTTP/1.1" 200 504
::1 - - [30/Sep/2020:12:14:18 +0300] "GET / HTTP/1.1" 200 1795
::1 - - [30/Sep/2020:12:14:27 +0300] "GET / HTTP/1.1" 200 1795
::1 - - [30/Sep/2020:12:14:34 +0300] "GET / HTTP/1.1" 200 559
::1 - - [30/Sep/2020:12:15:17 +0300] "GET / HTTP/1.1" 200 559
::1 - - [30/Sep/2020:12:16:08 +0300] "GET /?pokemonId=2 HTTP/1.1" 200 1281
::1 - - [30/Sep/2020:12:16:12 +0300] "GET /?pokemonId=1 HTTP/1.1" 200 986
::1 - - [30/Sep/2020:12:22:02 +0300] "GET /?pokemonId=1 HTTP/1.1" 200 1003
::1 - - [30/Sep/2020:12:22:24 +0300] "GET /?pokemonId=1 HTTP/1.1" 200 1014
::1 - - [30/Sep/2020:12:22:58 +0300] "GET /?pokemonId=1 HTTP/1.1" 200 2315
::1 - - [30/Sep/2020:12:23:10 +0300] "GET /?pokemonId=1 HTTP/1.1" 200 2315
::1 - - [30/Sep/2020:12:25:32 +0300] "GET /?pokemonId=1 HTTP/1.1" 200 1003
::1 - - [30/Sep/2020:12:28:02 +0300] "GET /?pokemonId=1 HTTP/1.1" 200 1412
::1 - - [30/Sep/2020:12:30:03 +0300] "GET /?pokemonId=1 HTTP/1.1" 200 3611
::1 - - [30/Sep/2020:12:30:38 +0300] "GET /?pokemonId=1 HTTP/1.1" 200 1003
::1 - - [30/Sep/2020:12:30:46 +0300] "GET /?pokemonId=1 HTTP/1.1" 200 1412
::1 - - [30/Sep/2020:12:31:03 +0300] "GET /?pokemonId=1 HTTP/1.1" 200 1003
::1 - - [30/Sep/2020:12:31:12 +0300] "GET /?pokemonId=1 HTTP/1.1" 200 1412
::1 - - [30/Sep/2020:12:31:21 +0300] "GET /?pokemonId=1 HTTP/1.1" 200 1451
::1 - - [30/Sep/2020:12:31:29 +0300] "GET /?pokemonId=1 HTTP/1.1" 200 1003
::1 - - [30/Sep/2020:12:31:44 +0300] "GET /?pokemonId=1 HTTP/1.1" 200 1003
::1 - - [30/Sep/2020:12:31:50 +0300] "GET /?pokemonId=1 HTTP/1.1" 200 1003
::1 - - [30/Sep/2020:12:33:56 +0300] "GET /?pokemonId=1 HTTP/1.1" 200 986
::1 - - [30/Sep/2020:12:34:00 +0300] "GET /?pokemonId=2 HTTP/1.1" 200 1281
::1 - - [30/Sep/2020:12:34:03 +0300] "GET /?pokemonId=1 HTTP/1.1" 200 986
::1 - - [30/Sep/2020:17:59:06 +0300] "GET / HTTP/1.1" 200 504
::1 - - [30/Sep/2020:17:59:06 +0300] "GET /style.css HTTP/1.1" 304 -
::1 - - [30/Sep/2020:17:59:06 +0300] "GET /favicon.ico HTTP/1.1" 404 1188
::1 - - [30/Sep/2020:18:02:48 +0300] "GET /?pokemonId=2 HTTP/1.1" 200 1281
::1 - - [30/Sep/2020:18:02:58 +0300] "GET /?pokemonId=1 HTTP/1.1" 200 986
::1 - - [30/Sep/2020:18:03:04 +0300] "GET /?pokemonId=2 HTTP/1.1" 200 1281
::1 - - [30/Sep/2020:20:03:22 +0300] "GET /?pokemonId=2 HTTP/1.1" 200 1265
::1 - - [30/Sep/2020:20:06:31 +0300] "GET /?pokemonId=2 HTTP/1.1" 200 7330
::1 - - [30/Sep/2020:20:07:23 +0300] "GET /?pokemonId=2 HTTP/1.1" 200 3024
::1 - - [30/Sep/2020:20:09:59 +0300] "GET /?pokemonId=2 HTTP/1.1" 200 2122
::1 - - [30/Sep/2020:20:10:30 +0300] "GET /?pokemonId=2 HTTP/1.1" 200 2990
::1 - - [30/Sep/2020:20:10:51 +0300] "GET /?pokemonId=2 HTTP/1.1" 200 3035
::1 - - [30/Sep/2020:20:10:55 +0300] "GET /?pokemonId=2 HTTP/1.1" 200 3061
::1 - - [30/Sep/2020:20:10:58 +0300] "GET /?pokemonId=2 HTTP/1.1" 200 3039
::1 - - [30/Sep/2020:20:11:02 +0300] "GET /?pokemonId=2 HTTP/1.1" 200 3072
::1 - - [30/Sep/2020:20:11:05 +0300] "GET /?pokemonId=2 HTTP/1.1" 200 3039
::1 - - [30/Sep/2020:20:22:48 +0300] "GET /style.css HTTP/1.1" 304 -
::1 - - [30/Sep/2020:20:22:47 +0300] "GET /?pokemonId=2 HTTP/1.1" 200 19115
::1 - - [30/Sep/2020:20:22:55 +0300] "GET /?pokemonId=2 HTTP/1.1" 200 11046
::1 - - [30/Sep/2020:20:23:24 +0300] "GET /?pokemonId=2 HTTP/1.1" 200 7330
::1 - - [30/Sep/2020:20:23:45 +0300] "GET /?pokemonId=2 HTTP/1.1" 200 3620
::1 - - [30/Sep/2020:20:23:52 +0300] "GET /?pokemonId=1 HTTP/1.1" 200 3313
::1 - - [30/Sep/2020:20:24:01 +0300] "GET /?pokemonId=ditto HTTP/1.1" 200 2948
::1 - - [30/Sep/2020:20:26:44 +0300] "GET /?pokemonId=ditto HTTP/1.1" 200 2948
::1 - - [30/Sep/2020:20:26:47 +0300] "GET /?pokemonId=2 HTTP/1.1" 200 3607
::1 - - [30/Sep/2020:20:26:51 +0300] "GET /?pokemonId=2 HTTP/1.1" 200 3618
::1 - - [30/Sep/2020:20:26:55 +0300] "GET /?pokemonId=2 HTTP/1.1" 200 3611
::1 - - [30/Sep/2020:20:26:59 +0300] "GET /?pokemonId=2 HTTP/1.1" 200 3620
::1 - - [30/Sep/2020:20:36:01 +0300] "GET /?pokemonId=2 HTTP/1.1" 200 2126
::1 - - [30/Sep/2020:20:36:45 +0300] "GET /?pokemonId=2 HTTP/1.1" 200 3612
::1 - - [30/Sep/2020:20:36:50 +0300] "GET /?pokemonId=2 HTTP/1.1" 200 3607
::1 - - [30/Sep/2020:20:41:02 +0300] "GET /?pokemonId=2 HTTP/1.1" 200 3151
::1 - - [30/Sep/2020:20:41:24 +0300] "GET /?pokemonId=2 HTTP/1.1" 200 3488
::1 - - [30/Sep/2020:20:41:25 +0300] "GET /style.css HTTP/1.1" 200 1543
::1 - - [30/Sep/2020:20:41:25 +0300] "GET /favicon.ico HTTP/1.1" 404 1216
::1 - - [30/Sep/2020:20:43:48 +0300] "GET /?pokemonId=2 HTTP/1.1" 200 3422
::1 - - [30/Sep/2020:20:45:24 +0300] "GET /?pokemonId=2 HTTP/1.1" 200 10162
::1 - - [30/Sep/2020:20:45:59 +0300] "GET /?pokemonId=2 HTTP/1.1" 200 3611
::1 - - [30/Sep/2020:20:46:07 +0300] "GET /?pokemonId=2 HTTP/1.1" 200 3607
::1 - - [30/Sep/2020:20:46:10 +0300] "GET /?pokemonId=2 HTTP/1.1" 200 3604
::1 - - [30/Sep/2020:20:46:13 +0300] "GET /?pokemonId=2 HTTP/1.1" 200 3611
::1 - - [30/Sep/2020:20:46:16 +0300] "GET /?pokemonId=2 HTTP/1.1" 200 3611
::1 - - [30/Sep/2020:20:46:19 +0300] "GET /?pokemonId=2 HTTP/1.1" 200 3616
::1 - - [30/Sep/2020:20:46:22 +0300] "GET /?pokemonId=2 HTTP/1.1" 200 3611
::1 - - [30/Sep/2020:20:47:43 +0300] "GET /?pokemonId=ditto HTTP/1.1" 200 5617
::1 - - [30/Sep/2020:20:49:31 +0300] "GET /?pokemonId=ditto HTTP/1.1" 200 4208
::1 - - [30/Sep/2020:20:50:54 +0300] "GET /?pokemonId=ditto HTTP/1.1" 200 2879
::1 - - [30/Sep/2020:20:51:00 +0300] "GET /?pokemonId=2 HTTP/1.1" 200 11115
::1 - - [30/Sep/2020:20:51:31 +0300] "GET /?pokemonId=2 HTTP/1.1" 200 3610
::1 - - [30/Sep/2020:20:51:36 +0300] "GET /?pokemonId=ditto HTTP/1.1" 200 2879
::1 - - [30/Sep/2020:20:51:38 +0300] "GET /?pokemonId= HTTP/1.1" 200 7065
::1 - - [30/Sep/2020:20:51:41 +0300] "GET /?pokemonId= HTTP/1.1" 200 7065
::1 - - [30/Sep/2020:20:51:54 +0300] "GET /?pokemonId=ditto HTTP/1.1" 200 2879
::1 - - [30/Sep/2020:20:52:32 +0300] "GET /?pokemonId=ditto HTTP/1.1" 200 2879
::1 - - [30/Sep/2020:20:52:32 +0300] "GET /style.css HTTP/1.1" 200 1543
::1 - - [30/Sep/2020:20:52:33 +0300] "GET /favicon.ico HTTP/1.1" 404 1224
::1 - - [30/Sep/2020:20:52:34 +0300] "GET /?pokemonId= HTTP/1.1" 200 504
::1 - - [30/Sep/2020:20:52:37 +0300] "GET /?pokemonId=2 HTTP/1.1" 200 3616
::1 - - [30/Sep/2020:20:52:40 +0300] "GET /?pokemonId=ditto HTTP/1.1" 200 2879
::1 - - [30/Sep/2020:20:52:59 +0300] "GET /?pokemonId=ditto HTTP/1.1" 200 1704
::1 - - [30/Sep/2020:20:54:11 +0300] "GET /?pokemonId=ditto HTTP/1.1" 200 1895
::1 - - [30/Sep/2020:20:55:21 +0300] "GET /?pokemonId=ditto HTTP/1.1" 200 743
::1 - - [30/Sep/2020:20:55:24 +0300] "GET /?pokemonId=1 HTTP/1.1" 200 1014
::1 - - [30/Sep/2020:20:55:27 +0300] "GET /?pokemonId= HTTP/1.1" 200 504
::1 - - [30/Sep/2020:20:55:28 +0300] "GET /?pokemonId=2 HTTP/1.1" 200 1306
::1 - - [30/Sep/2020:20:55:34 +0300] "GET /?pokemonId=2 HTTP/1.1" 200 1306
::1 - - [30/Sep/2020:20:55:36 +0300] "GET /?pokemonId=2 HTTP/1.1" 200 1313
::1 - - [30/Sep/2020:20:55:38 +0300] "GET /?pokemonId=2 HTTP/1.1" 200 1308
::1 - - [30/Sep/2020:20:55:40 +0300] "GET /?pokemonId=2 HTTP/1.1" 200 1299
::1 - - [30/Sep/2020:20:55:42 +0300] "GET /?pokemonId=2 HTTP/1.1" 200 1304
::1 - - [30/Sep/2020:20:55:45 +0300] "GET /?pokemonId=2 HTTP/1.1" 200 1299
::1 - - [30/Sep/2020:20:55:47 +0300] "GET /?pokemonId=2 HTTP/1.1" 200 1306
::1 - - [30/Sep/2020:20:55:49 +0300] "GET /?pokemonId=2 HTTP/1.1" 200 1296
::1 - - [30/Sep/2020:20:55:52 +0300] "GET /?pokemonId=2 HTTP/1.1" 200 1288
::1 - - [30/Sep/2020:20:55:55 +0300] "GET /?pokemonId=2 HTTP/1.1" 200 1311
::1 - - [30/Sep/2020:20:55:57 +0300] "GET /?pokemonId=2 HTTP/1.1" 200 1306
::1 - - [30/Sep/2020:20:55:59 +0300] "GET /?pokemonId=2 HTTP/1.1" 200 1301
::1 - - [30/Sep/2020:20:56:02 +0300] "GET /?pokemonId=2 HTTP/1.1" 200 1312
::1 - - [30/Sep/2020:20:56:06 +0300] "GET /?pokemonId=ditto HTTP/1.1" 200 743
::1 - - [30/Sep/2020:21:03:12 +0300] "GET /?pokemonId=ditto HTTP/1.1" 200 773
::1 - - [30/Sep/2020:21:03:14 +0300] "GET /?pokemonId=ditto HTTP/1.1" 200 773
::1 - - [30/Sep/2020:21:03:15 +0300] "GET /style.css HTTP/1.1" 200 1543
::1 - - [30/Sep/2020:21:03:15 +0300] "GET /favicon.ico HTTP/1.1" 404 1224
::1 - - [30/Sep/2020:21:03:17 +0300] "GET /?pokemonId=2 HTTP/1.1" 200 1264
::1 - - [30/Sep/2020:21:03:21 +0300] "GET /?pokemonId=ditto HTTP/1.1" 200 773
